[30728:30756:0702/002303.498:WARNING:chrome_main_delegate.cc(745)] This is Chrome version 128.0.6613.138 (not a warning)
[30728:4748:0702/002303.805:ERROR:google_update_settings.cc(265)] Failed opening key Software\Chromium to set usagestats; result: 5
[30728:30756:0702/002303.910:WARNING:account_consistency_mode_manager.cc(77)] Desktop Identity Consistency cannot be enabled as no OAuth client ID and client secret have been configured.
[30728:30756:0702/002314.088:WARNING:page_discarding_helper.cc(138)] Discarding multiple pages with target (kb): 0
[16676:32720:0702/002319.102:WARNING:frame_impl.cc(430)] virtual CefFrameImpl::SendProcessMessage sent to detached frame 5-9297B0620294FB20E052B8292E53B623 will be ignored
[30728:30756:0702/002319.424:WARNING:frame_host_impl.cc(623)] virtual CefFrameHostImpl::SendProcessMessage sent to detached frame 5-9297B0620294FB20E052B8292E53B623 (main) will be ignored
[30728:30756:0702/002320.415:ERROR:device_event_log_impl.cc(196)] [00:23:20.096] USB: usb_service_win.cc:105 SetupDiGetDeviceProperty({{A45C254E-DF1C-4EFD-8020-67D146A850E0}, 6}) failed: 要素が見つかりません。 (0x490)
[30728:30756:0702/002324.421:WARNING:page_discarding_helper.cc(138)] Discarding multiple pages with target (kb): 0
[30728:30756:0702/002329.425:WARNING:page_discarding_helper.cc(138)] Discarding multiple pages with target (kb): 0
[30728:30756:0702/002334.481:WARNING:page_discarding_helper.cc(138)] Discarding multiple pages with target (kb): 0
[30728:30756:0702/002339.523:WARNING:page_discarding_helper.cc(138)] Discarding multiple pages with target (kb): 0
[30728:30756:0702/002439.735:WARNING:page_discarding_helper.cc(138)] Discarding multiple pages with target (kb): 0
[30728:30756:0702/002449.891:WARNING:page_discarding_helper.cc(138)] Discarding multiple pages with target (kb): 0
[30728:30756:0702/002515.717:WARNING:page_discarding_helper.cc(138)] Discarding multiple pages with target (kb): 0
[30728:30756:0702/002531.217:WARNING:page_discarding_helper.cc(138)] Discarding multiple pages with target (kb): 0
[30728:30756:0702/002731.766:WARNING:page_discarding_helper.cc(138)] Discarding multiple pages with target (kb): 0
[30728:30756:0702/002736.822:WARNING:page_discarding_helper.cc(138)] Discarding multiple pages with target (kb): 0
[30728:30756:0702/002741.828:WARNING:page_discarding_helper.cc(138)] Discarding multiple pages with target (kb): 0
[30728:30756:0702/002747.114:WARNING:page_discarding_helper.cc(138)] Discarding multiple pages with target (kb): 0
[30728:30756:0702/002752.115:WARNING:page_discarding_helper.cc(138)] Discarding multiple pages with target (kb): 0
[30728:30756:0702/002757.115:WARNING:page_discarding_helper.cc(138)] Discarding multiple pages with target (kb): 0
[30728:30756:0702/002802.117:WARNING:page_discarding_helper.cc(138)] Discarding multiple pages with target (kb): 0
[30728:30756:0702/002902.130:WARNING:page_discarding_helper.cc(138)] Discarding multiple pages with target (kb): 0
[30728:30756:0702/002907.131:WARNING:page_discarding_helper.cc(138)] Discarding multiple pages with target (kb): 0
[30728:30756:0702/002912.130:WARNING:page_discarding_helper.cc(138)] Discarding multiple pages with target (kb): 0
[30728:30756:0702/002917.130:WARNING:page_discarding_helper.cc(138)] Discarding multiple pages with target (kb): 0
[30728:30756:0702/002922.130:WARNING:page_discarding_helper.cc(138)] Discarding multiple pages with target (kb): 0
[30728:30756:0702/002952.166:WARNING:page_discarding_helper.cc(138)] Discarding multiple pages with target (kb): 0
[30728:30756:0702/003007.166:WARNING:page_discarding_helper.cc(138)] Discarding multiple pages with target (kb): 0
[30728:30756:0702/003012.166:WARNING:page_discarding_helper.cc(138)] Discarding multiple pages with target (kb): 0
[30728:30756:0702/003017.166:WARNING:page_discarding_helper.cc(138)] Discarding multiple pages with target (kb): 0
[30728:30756:0702/003022.166:WARNING:page_discarding_helper.cc(138)] Discarding multiple pages with target (kb): 0
[30728:30756:0702/003027.166:WARNING:page_discarding_helper.cc(138)] Discarding multiple pages with target (kb): 0
[30728:30756:0702/003032.167:WARNING:page_discarding_helper.cc(138)] Discarding multiple pages with target (kb): 0
[30728:30756:0702/003037.167:WARNING:page_discarding_helper.cc(138)] Discarding multiple pages with target (kb): 0
[30728:30756:0702/003042.169:WARNING:page_discarding_helper.cc(138)] Discarding multiple pages with target (kb): 0
[30728:30756:0702/003047.169:WARNING:page_discarding_helper.cc(138)] Discarding multiple pages with target (kb): 0
