[37648:37652:0706/020019.547:WARNING:chrome_main_delegate.cc(745)] This is Chrome version 128.0.6613.138 (not a warning)
[37648:37388:0706/020019.871:ERROR:google_update_settings.cc(265)] Failed opening key Software\Chromium to set usagestats; result: 5
[37648:37652:0706/020020.006:WARNING:account_consistency_mode_manager.cc(77)] Desktop Identity Consistency cannot be enabled as no OAuth client ID and client secret have been configured.
[37648:37388:0706/020028.000:WARNING:leveldb_database.cc(141)] Unable to open C:\Users\m915j\OneDrive\デスクトップ\経済学\2026年度前期\REO\DeliveryRush-contest\Saved\webcache_6613\Default\shared_proto_db\metadata: IO error: C:\Users\m915j\OneDrive\デスクトップ\経済学\2026年度前期\REO\DeliveryRush-contest\Saved\webcache_6613\Default\shared_proto_db\metadata/MANIFEST-000001: Unable to create sequential file (ChromeMethodBFE: 7::NewSequentialFile::1)
[37648:37388:0706/020028.005:WARNING:leveldb_database.cc(141)] Unable to open C:\Users\m915j\OneDrive\デスクトップ\経済学\2026年度前期\REO\DeliveryRush-contest\Saved\webcache_6613\Default\shared_proto_db\metadata: IO error: C:\Users\m915j\OneDrive\デスクトップ\経済学\2026年度前期\REO\DeliveryRush-contest\Saved\webcache_6613\Default\shared_proto_db\metadata/MANIFEST-000001: Unable to create sequential file (ChromeMethodBFE: 7::NewSequentialFile::1)
[37648:37388:0706/020028.007:WARNING:leveldb_database.cc(141)] Unable to open C:\Users\m915j\OneDrive\デスクトップ\経済学\2026年度前期\REO\DeliveryRush-contest\Saved\webcache_6613\Default\shared_proto_db\metadata: IO error: C:\Users\m915j\OneDrive\デスクトップ\経済学\2026年度前期\REO\DeliveryRush-contest\Saved\webcache_6613\Default\shared_proto_db\metadata/MANIFEST-000001: Unable to create sequential file (ChromeMethodBFE: 7::NewSequentialFile::1)
[37648:37388:0706/020028.010:WARNING:leveldb_database.cc(141)] Unable to open C:\Users\m915j\OneDrive\デスクトップ\経済学\2026年度前期\REO\DeliveryRush-contest\Saved\webcache_6613\Default\shared_proto_db\metadata: IO error: C:\Users\m915j\OneDrive\デスクトップ\経済学\2026年度前期\REO\DeliveryRush-contest\Saved\webcache_6613\Default\shared_proto_db\metadata/MANIFEST-000001: Unable to create sequential file (ChromeMethodBFE: 7::NewSequentialFile::1)
[36720:10324:0706/020032.617:WARNING:frame_impl.cc(430)] virtual CefFrameImpl::SendProcessMessage sent to detached frame 5-BA81813FB7325CFD52E5E3DD1D0AD525 will be ignored
[37648:37388:0706/020033.609:WARNING:value_store_frontend.cc(47)] Reading ahfgeienlihckogmohjhadlkjgocpleb.alarms from  failed: IO error: .../MANIFEST-000001: Unable to create sequential file (ChromeMethodBFE: 7::NewSequentialFile::1)
[37648:37388:0706/020033.613:WARNING:value_store_frontend.cc(47)] Reading mhjfbmdgcfjbbpaeojofohoefgiehjai.alarms from  failed: IO error: .../MANIFEST-000001: Unable to create sequential file (ChromeMethodBFE: 7::NewSequentialFile::1)
[37648:37652:0706/020033.937:ERROR:device_event_log_impl.cc(196)] [02:00:33.607] USB: usb_service_win.cc:105 SetupDiGetDeviceProperty({{A45C254E-DF1C-4EFD-8020-67D146A850E0}, 6}) failed: 要素が見つかりません。 (0x490)
[37648:37652:0706/022232.745:ERROR:device_event_log_impl.cc(196)] [02:22:32.611] USB: usb_service_win.cc:105 SetupDiGetDeviceProperty({{A45C254E-DF1C-4EFD-8020-67D146A850E0}, 6}) failed: 要素が見つかりません。 (0x490)
[37648:37652:0706/022233.075:ERROR:device_event_log_impl.cc(196)] [02:22:32.769] USB: usb_service_win.cc:308 SetupDiEnumDeviceInterfaces: データはこれ以上ありません。 (0x103)
[37648:37652:0706/022233.075:ERROR:device_event_log_impl.cc(196)] [02:22:32.845] USB: usb_service_win.cc:105 SetupDiGetDeviceProperty({{A45C254E-DF1C-4EFD-8020-67D146A850E0}, 6}) failed: 要素が見つかりません。 (0x490)
[37648:37652:0706/023349.753:ERROR:device_event_log_impl.cc(196)] [02:33:49.712] USB: usb_service_win.cc:105 SetupDiGetDeviceProperty({{A45C254E-DF1C-4EFD-8020-67D146A850E0}, 6}) failed: 要素が見つかりません。 (0x490)
[37648:37652:0706/023350.088:ERROR:device_event_log_impl.cc(196)] [02:33:49.777] USB: usb_service_win.cc:308 SetupDiEnumDeviceInterfaces: データはこれ以上ありません。 (0x103)
[37648:37652:0706/023350.088:ERROR:device_event_log_impl.cc(196)] [02:33:49.842] USB: usb_service_win.cc:105 SetupDiGetDeviceProperty({{A45C254E-DF1C-4EFD-8020-67D146A850E0}, 6}) failed: 要素が見つかりません。 (0x490)
[37648:37652:0706/023354.753:ERROR:device_event_log_impl.cc(196)] [02:33:54.581] USB: usb_service_win.cc:105 SetupDiGetDeviceProperty({{A45C254E-DF1C-4EFD-8020-67D146A850E0}, 6}) failed: 要素が見つかりません。 (0x490)
[37648:37652:0706/023419.167:ERROR:device_event_log_impl.cc(196)] [02:34:18.904] USB: usb_service_win.cc:308 SetupDiEnumDeviceInterfaces: データはこれ以上ありません。 (0x103)
[37648:37652:0706/023500.171:ERROR:device_event_log_impl.cc(196)] [02:34:59.981] USB: usb_service_win.cc:105 SetupDiGetDeviceProperty({{A45C254E-DF1C-4EFD-8020-67D146A850E0}, 6}) failed: 要素が見つかりません。 (0x490)
[37648:37652:0706/030237.120:ERROR:device_event_log_impl.cc(196)] [03:02:37.007] USB: usb_service_win.cc:105 SetupDiGetDeviceProperty({{A45C254E-DF1C-4EFD-8020-67D146A850E0}, 6}) failed: 要素が見つかりません。 (0x490)
[37648:37652:0706/032813.681:WARNING:pref_notifier_impl.cc(41)] Pref observer for media_router.cast_allow_all_ips found at shutdown.
